Info: Starting: Create block symbol file (.bsf)
Info: qsys-generate "C:\Users\Cade\Documents\Quartus Projects\Guitar Pedal\niosSystem.qsys" --block-symbol-file --output-directory="C:\Users\Cade\Documents\Quartus Projects\Guitar Pedal\niosSystem" --family="Cyclone IV E" --part=EP4CE115F29C7
Progress: Loading Guitar Pedal/niosSystem.qsys
Progress: Reading input file
Progress: Adding clk_50mhz [clock_source 19.1]
Progress: Parameterizing module clk_50mhz
Progress: Adding green_leds [altera_avalon_pio 19.1]
Progress: Parameterizing module green_leds
Progress: Adding jtag_uart_0 [altera_avalon_jtag_uart 19.1]
Progress: Parameterizing module jtag_uart_0
Progress: Adding nios2_gen2_0 [altera_nios2_gen2 19.1]
Progress: Parameterizing module nios2_gen2_0
Progress: Adding onchip_memory2_0 [altera_avalon_onchip_memory2 19.1]
Progress: Parameterizing module onchip_memory2_0
Progress: Adding sysid_qsys_0 [altera_avalon_sysid_qsys 19.1]
Progress: Parameterizing module sysid_qsys_0
Progress: Building connections
Progress: Parameterizing connections
Progress: Validating
Progress: Done reading input file
Info: niosSystem.jtag_uart_0: JTAG UART IP input clock need to be at least double (2x) the operating frequency of JTAG TCK on board
Info: niosSystem.sysid_qsys_0: System ID is not assigned automatically. Edit the System ID parameter to provide a unique ID
Info: niosSystem.sysid_qsys_0: Time stamp will be automatically updated when this component is generated.
Info: qsys-generate succeeded.
Info: Finished: Create block symbol file (.bsf)
Info: 
Info: Starting: Create HDL design files for synthesis
Info: qsys-generate "C:\Users\Cade\Documents\Quartus Projects\Guitar Pedal\niosSystem.qsys" --synthesis=VERILOG --output-directory="C:\Users\Cade\Documents\Quartus Projects\Guitar Pedal\niosSystem\synthesis" --family="Cyclone IV E" --part=EP4CE115F29C7
Progress: Loading Guitar Pedal/niosSystem.qsys
Progress: Reading input file
Progress: Adding clk_50mhz [clock_source 19.1]
Progress: Parameterizing module clk_50mhz
Progress: Adding green_leds [altera_avalon_pio 19.1]
Progress: Parameterizing module green_leds
Progress: Adding jtag_uart_0 [altera_avalon_jtag_uart 19.1]
Progress: Parameterizing module jtag_uart_0
Progress: Adding nios2_gen2_0 [altera_nios2_gen2 19.1]
Progress: Parameterizing module nios2_gen2_0
Progress: Adding onchip_memory2_0 [altera_avalon_onchip_memory2 19.1]
Progress: Parameterizing module onchip_memory2_0
Progress: Adding sysid_qsys_0 [altera_avalon_sysid_qsys 19.1]
Progress: Parameterizing module sysid_qsys_0
Progress: Building connections
Progress: Parameterizing connections
Progress: Validating
Progress: Done reading input file
Info: niosSystem.jtag_uart_0: JTAG UART IP input clock need to be at least double (2x) the operating frequency of JTAG TCK on board
Info: niosSystem.sysid_qsys_0: System ID is not assigned automatically. Edit the System ID parameter to provide a unique ID
Info: niosSystem.sysid_qsys_0: Time stamp will be automatically updated when this component is generated.
Info: niosSystem: Generating niosSystem "niosSystem" for QUARTUS_SYNTH
Info: green_leds: Starting RTL generation for module 'niosSystem_green_leds'
Info: green_leds:   Generation command is [exec C:/intelfpga_lite/19.1/quartus/bin64/perl/bin/perl.exe -I C:/intelfpga_lite/19.1/quartus/sopc_builder/bin/europa -I C:/intelfpga_lite/19.1/quartus/sopc_builder/bin -I C:/intelfpga_lite/19.1/quartus/../ip/altera/sopc_builder_ip/common -I C:/intelfpga_lite/19.1/quartus/../ip/altera/sopc_builder_ip/altera_avalon_pio -- C:/intelfpga_lite/19.1/quartus/../ip/altera/sopc_builder_ip/altera_avalon_pio/generate_rtl.pl --name=niosSystem_green_leds --dir=C:/Users/Cade/AppData/Local/Temp/alt8311_8655244757081883315.dir/0002_green_leds_gen/ --quartus_dir=C:/intelfpga_lite/19.1/quartus --verilog --config=C:/Users/Cade/AppData/Local/Temp/alt8311_8655244757081883315.dir/0002_green_leds_gen//niosSystem_green_leds_component_configuration.pl  --do_build_sim=0  ]
Info: green_leds: Done RTL generation for module 'niosSystem_green_leds'
Info: green_leds: "niosSystem" instantiated altera_avalon_pio "green_leds"
Info: jtag_uart_0: Starting RTL generation for module 'niosSystem_jtag_uart_0'
Info: jtag_uart_0:   Generation command is [exec C:/intelfpga_lite/19.1/quartus/bin64/perl/bin/perl.exe -I C:/intelfpga_lite/19.1/quartus/sopc_builder/bin/europa -I C:/intelfpga_lite/19.1/quartus/sopc_builder/bin -I C:/intelfpga_lite/19.1/quartus/../ip/altera/sopc_builder_ip/common -I C:/intelfpga_lite/19.1/quartus/../ip/altera/sopc_builder_ip/altera_avalon_jtag_uart -- C:/intelfpga_lite/19.1/quartus/../ip/altera/sopc_builder_ip/altera_avalon_jtag_uart/generate_rtl.pl --name=niosSystem_jtag_uart_0 --dir=C:/Users/Cade/AppData/Local/Temp/alt8311_8655244757081883315.dir/0003_jtag_uart_0_gen/ --quartus_dir=C:/intelfpga_lite/19.1/quartus --verilog --config=C:/Users/Cade/AppData/Local/Temp/alt8311_8655244757081883315.dir/0003_jtag_uart_0_gen//niosSystem_jtag_uart_0_component_configuration.pl  --do_build_sim=0  ]
Info: jtag_uart_0: Done RTL generation for module 'niosSystem_jtag_uart_0'
Info: jtag_uart_0: "niosSystem" instantiated altera_avalon_jtag_uart "jtag_uart_0"
Info: nios2_gen2_0: "niosSystem" instantiated altera_nios2_gen2 "nios2_gen2_0"
Info: onchip_memory2_0: Starting RTL generation for module 'niosSystem_onchip_memory2_0'
Info: onchip_memory2_0:   Generation command is [exec C:/intelfpga_lite/19.1/quartus/bin64/perl/bin/perl.exe -I C:/intelfpga_lite/19.1/quartus/sopc_builder/bin/europa -I C:/intelfpga_lite/19.1/quartus/sopc_builder/bin -I C:/intelfpga_lite/19.1/quartus/../ip/altera/sopc_builder_ip/common -I C:/intelfpga_lite/19.1/quartus/../ip/altera/sopc_builder_ip/altera_avalon_onchip_memory2 -- C:/intelfpga_lite/19.1/quartus/../ip/altera/sopc_builder_ip/altera_avalon_onchip_memory2/generate_rtl.pl --name=niosSystem_onchip_memory2_0 --dir=C:/Users/Cade/AppData/Local/Temp/alt8311_8655244757081883315.dir/0004_onchip_memory2_0_gen/ --quartus_dir=C:/intelfpga_lite/19.1/quartus --verilog --config=C:/Users/Cade/AppData/Local/Temp/alt8311_8655244757081883315.dir/0004_onchip_memory2_0_gen//niosSystem_onchip_memory2_0_component_configuration.pl  --do_build_sim=0  ]
Info: onchip_memory2_0: Done RTL generation for module 'niosSystem_onchip_memory2_0'
Info: onchip_memory2_0: "niosSystem" instantiated altera_avalon_onchip_memory2 "onchip_memory2_0"
Info: sysid_qsys_0: "niosSystem" instantiated altera_avalon_sysid_qsys "sysid_qsys_0"
Info: avalon_st_adapter: Inserting error_adapter: error_adapter_0
Info: avalon_st_adapter_001: Inserting error_adapter: error_adapter_0
Info: avalon_st_adapter_002: Inserting error_adapter: error_adapter_0
Info: avalon_st_adapter_003: Inserting error_adapter: error_adapter_0
Info: avalon_st_adapter_004: Inserting error_adapter: error_adapter_0
Info: mm_interconnect_0: "niosSystem" instantiated altera_mm_interconnect "mm_interconnect_0"
Info: irq_mapper: "niosSystem" instantiated altera_irq_mapper "irq_mapper"
Info: rst_controller: "niosSystem" instantiated altera_reset_controller "rst_controller"
Info: cpu: Starting RTL generation for module 'niosSystem_nios2_gen2_0_cpu'
Info: cpu:   Generation command is [exec C:/intelFPGA_lite/19.1/quartus/bin64//perl/bin/perl.exe -I C:/intelfpga_lite/19.1/quartus/sopc_builder/bin/europa -I C:/intelfpga_lite/19.1/quartus/sopc_builder/bin -I C:/intelfpga_lite/19.1/quartus/../ip/altera/nios2_ip/altera_nios2_gen2/cpu_lib -I C:/intelfpga_lite/19.1/quartus/../ip/altera/nios2_ip/altera_nios2_gen2/nios_lib -I C:/intelfpga_lite/19.1/quartus/../ip/altera/nios2_ip/altera_nios2_gen2 -I C:/intelfpga_lite/19.1/quartus/../ip/altera/nios2_ip/altera_nios2_gen2 -- C:/intelfpga_lite/19.1/quartus/../ip/altera/nios2_ip/altera_nios2_gen2/generate_rtl.pl --name=niosSystem_nios2_gen2_0_cpu --dir=C:/Users/Cade/AppData/Local/Temp/alt8311_8655244757081883315.dir/0008_cpu_gen/ --quartus_bindir=C:/intelFPGA_lite/19.1/quartus/bin64/ --verilog --config=C:/Users/Cade/AppData/Local/Temp/alt8311_8655244757081883315.dir/0008_cpu_gen//niosSystem_nios2_gen2_0_cpu_processor_configuration.pl  --do_build_sim=0  ]
Info: cpu: # 2020.02.19 18:37:14 (*) Starting Nios II generation
Info: cpu: # 2020.02.19 18:37:14 (*)   Elaborating CPU configuration settings
Info: cpu: # 2020.02.19 18:37:14 (*)   Creating all objects for CPU
Info: cpu: # 2020.02.19 18:37:14 (*)     Testbench
Info: cpu: # 2020.02.19 18:37:15 (*)     Instruction decoding
Info: cpu: # 2020.02.19 18:37:15 (*)       Instruction fields
Info: cpu: # 2020.02.19 18:37:15 (*)       Instruction decodes
Info: cpu: # 2020.02.19 18:37:15 (*)       Signals for RTL simulation waveforms
Info: cpu: # 2020.02.19 18:37:15 (*)       Instruction controls
Info: cpu: # 2020.02.19 18:37:15 (*)     Pipeline frontend
Info: cpu: # 2020.02.19 18:37:15 (*)     Pipeline backend
Info: cpu: # 2020.02.19 18:37:17 (*)   Generating RTL from CPU objects
Info: cpu: # 2020.02.19 18:37:17 (*)   Creating plain-text RTL
Info: cpu: # 2020.02.19 18:37:18 (*) Done Nios II generation
Info: cpu: Done RTL generation for module 'niosSystem_nios2_gen2_0_cpu'
Info: cpu: "nios2_gen2_0" instantiated altera_nios2_gen2_unit "cpu"
Info: nios2_gen2_0_data_master_translator: "mm_interconnect_0" instantiated altera_merlin_master_translator "nios2_gen2_0_data_master_translator"
Info: jtag_uart_0_avalon_jtag_slave_translator: "mm_interconnect_0" instantiated altera_merlin_slave_translator "jtag_uart_0_avalon_jtag_slave_translator"
Info: nios2_gen2_0_data_master_agent: "mm_interconnect_0" instantiated altera_merlin_master_agent "nios2_gen2_0_data_master_agent"
Info: jtag_uart_0_avalon_jtag_slave_agent: "mm_interconnect_0" instantiated altera_merlin_slave_agent "jtag_uart_0_avalon_jtag_slave_agent"
Info: jtag_uart_0_avalon_jtag_slave_agent_rsp_fifo: "mm_interconnect_0" instantiated altera_avalon_sc_fifo "jtag_uart_0_avalon_jtag_slave_agent_rsp_fifo"
Info: router: "mm_interconnect_0" instantiated altera_merlin_router "router"
Info: router_001: "mm_interconnect_0" instantiated altera_merlin_router "router_001"
Info: router_002: "mm_interconnect_0" instantiated altera_merlin_router "router_002"
Info: router_004: "mm_interconnect_0" instantiated altera_merlin_router "router_004"
Info: nios2_gen2_0_data_master_limiter: "mm_interconnect_0" instantiated altera_merlin_traffic_limiter "nios2_gen2_0_data_master_limiter"
Info: Reusing file C:/Users/Cade/Documents/Quartus Projects/Guitar Pedal/niosSystem/synthesis/submodules/altera_avalon_sc_fifo.v
Info: cmd_demux: "mm_interconnect_0" instantiated altera_merlin_demultiplexer "cmd_demux"
Info: cmd_demux_001: "mm_interconnect_0" instantiated altera_merlin_demultiplexer "cmd_demux_001"
Info: cmd_mux: "mm_interconnect_0" instantiated altera_merlin_multiplexer "cmd_mux"
Info: cmd_mux_002: "mm_interconnect_0" instantiated altera_merlin_multiplexer "cmd_mux_002"
Info: Reusing file C:/Users/Cade/Documents/Quartus Projects/Guitar Pedal/niosSystem/synthesis/submodules/altera_merlin_arbitrator.sv
Info: rsp_demux: "mm_interconnect_0" instantiated altera_merlin_demultiplexer "rsp_demux"
Info: rsp_demux_002: "mm_interconnect_0" instantiated altera_merlin_demultiplexer "rsp_demux_002"
Info: rsp_mux: "mm_interconnect_0" instantiated altera_merlin_multiplexer "rsp_mux"
Info: Reusing file C:/Users/Cade/Documents/Quartus Projects/Guitar Pedal/niosSystem/synthesis/submodules/altera_merlin_arbitrator.sv
Info: rsp_mux_001: "mm_interconnect_0" instantiated altera_merlin_multiplexer "rsp_mux_001"
Info: Reusing file C:/Users/Cade/Documents/Quartus Projects/Guitar Pedal/niosSystem/synthesis/submodules/altera_merlin_arbitrator.sv
Info: avalon_st_adapter: "mm_interconnect_0" instantiated altera_avalon_st_adapter "avalon_st_adapter"
Info: error_adapter_0: "avalon_st_adapter" instantiated error_adapter "error_adapter_0"
Info: niosSystem: Done "niosSystem" with 30 modules, 51 files
Info: qsys-generate succeeded.
Info: Finished: Create HDL design files for synthesis
